<?xml version="1.0" encoding="UTF-8"?>
<testng-results ignored="0" total="1" passed="1" failed="0" skipped="0">
  <reporter-output>
  </reporter-output>
  <suite started-at="2022-03-28T12:34:39 CDT" name="Open Cart Test Suite" finished-at="2022-03-28T12:34:52 CDT" duration-ms="13834">
    <groups>
      <group name="sanity">
        <method signature="TC_002_LoginPage.test_login()[pri:0, instance:testCases.TC_002_LoginPage@29215f06]" name="test_login" class="testCases.TC_002_LoginPage"/>
      </group> <!-- sanity -->
      <group name="master">
        <method signature="TC_002_LoginPage.test_login()[pri:0, instance:testCases.TC_002_LoginPage@29215f06]" name="test_login" class="testCases.TC_002_LoginPage"/>
      </group> <!-- master -->
    </groups>
    <test started-at="2022-03-28T12:34:39 CDT" name="OpenCart Tests" finished-at="2022-03-28T12:34:52 CDT" duration-ms="13834">
      <class name="testCases.TC_002_LoginPage">
        <test-method is-config="true" signature="setup(java.lang.String)[pri:0, instance:testCases.TC_002_LoginPage@29215f06]" started-at="2022-03-28T12:34:39 CDT" name="setup" finished-at="2022-03-28T12:34:50 CDT" duration-ms="11608" status="PASS">
          <params>
            <param index="0">
              <value>
                <![CDATA[chrome]]>
              </value>
            </param>
          </params>
          <reporter-output>
          </reporter-output>
        </test-method> <!-- setup -->
        <test-method signature="test_login()[pri:0, instance:testCases.TC_002_LoginPage@29215f06]" started-at="2022-03-28T12:34:50 CDT" name="test_login" finished-at="2022-03-28T12:34:52 CDT" duration-ms="2060" status="PASS">
          <reporter-output>
          </reporter-output>
        </test-method> <!-- test_login -->
        <test-method is-config="true" signature="tearDown()[pri:0, instance:testCases.TC_002_LoginPage@29215f06]" started-at="2022-03-28T12:34:52 CDT" name="tearDown" finished-at="2022-03-28T12:34:52 CDT" duration-ms="102" status="PASS">
          <reporter-output>
          </reporter-output>
        </test-method> <!-- tearDown -->
      </class> <!-- testCases.TC_002_LoginPage -->
    </test> <!-- OpenCart Tests -->
  </suite> <!-- Open Cart Test Suite -->
</testng-results>
